<?xml version="1.0" encoding="UTF-8"?>
<!-- Generated by org.testng.reporters.JUnitReportReporter -->
<testsuite hostname="DESKTOP-E9SKAKK" failures="0" tests="1" name="orgbatchExceutionClasses.One8" time="149.756" errors="0" timestamp="2024-10-21T13:37:53 IST" skipped="0">
  <testcase classname="orgbatchExceutionClasses.One8" name="launchOne8" time="149.756"/>
  <system-out>
    <![CDATA[one8 is launched]]>
  </system-out>
</testsuite> <!-- orgbatchExceutionClasses.One8 -->
