<?xml version="1.0" encoding="UTF-8"?>
<!-- Generated by org.testng.reporters.JUnitReportReporter -->
<testsuite hostname="DESKTOP-E9SKAKK" failures="0" tests="5" name="TestNG.launchingCricBuzz" time="45.676" errors="0" timestamp="2024-10-17T14:16:58 IST" skipped="0">
  <testcase classname="TestNG.launchingCricBuzz" name="launchingApplication" time="13.082"/>
  <system-out>
    <![CDATA[Brouser is lounched
Brouser maximized 
Navigated to cricBuzz application
Browser is closed ]]>
  </system-out>
  <testcase classname="TestNG.launchingCricBuzz" name="launchingApplication" time="6.189"/>
  <system-out>
    <![CDATA[Brouser is lounched
Brouser maximized 
Navigated to cricBuzz application
Browser is closed ]]>
  </system-out>
  <testcase classname="TestNG.launchingCricBuzz" name="launchingApplication" time="6.191"/>
  <system-out>
    <![CDATA[Brouser is lounched
Brouser maximized 
Navigated to cricBuzz application
Browser is closed ]]>
  </system-out>
  <testcase classname="TestNG.launchingCricBuzz" name="launchingApplication" time="7.378"/>
  <system-out>
    <![CDATA[Brouser is lounched
Brouser maximized 
Navigated to cricBuzz application
Browser is closed ]]>
  </system-out>
  <testcase classname="TestNG.launchingCricBuzz" name="launchingApplication" time="12.836"/>
  <system-out>
    <![CDATA[Brouser is lounched
Brouser maximized 
Navigated to cricBuzz application
Browser is closed ]]>
  </system-out>
</testsuite> <!-- TestNG.launchingCricBuzz -->
