<?xml version="1.0" encoding="UTF-8"?>
<!-- Generated by org.testng.reporters.JUnitReportReporter -->
<testsuite hostname="DESKTOP-E9SKAKK" failures="0" tests="1" name="orgbatchExceutionClasses.Tanishq" time="153.496" errors="0" timestamp="2024-10-21T13:37:53 IST" skipped="0">
  <testcase classname="orgbatchExceutionClasses.Tanishq" name="launchOne8" time="153.496"/>
  <system-out>
    <![CDATA[Tanishq is launched]]>
  </system-out>
</testsuite> <!-- orgbatchExceutionClasses.Tanishq -->
