<?xml version="1.0" encoding="UTF-8"?>
<!-- Generated by org.testng.reporters.JUnitReportReporter -->
<testsuite hostname="DESKTOP-E9SKAKK" failures="0" tests="3" name="TestNG.UnderstandingTestNg" time="0.029" errors="0" timestamp="2024-10-17T13:21:59 IST" skipped="0">
  <testcase classname="TestNG.UnderstandingTestNg" name="test3" time="0.025"/>
  <system-out/>
  <testcase classname="TestNG.UnderstandingTestNg" name="test" time="0.002"/>
  <system-out/>
  <testcase classname="TestNG.UnderstandingTestNg" name="test2" time="0.002"/>
  <system-out/>
</testsuite> <!-- TestNG.UnderstandingTestNg -->
