<?xml version="1.0" encoding="UTF-8"?>
<!-- Generated by org.testng.reporters.JUnitReportReporter -->
<testsuite hostname="DESKTOP-E9SKAKK" failures="0" tests="1" name="orgbatchExceutionClasses.Puma" time="66.572" errors="0" timestamp="2024-10-21T13:37:53 IST" skipped="0">
  <testcase classname="orgbatchExceutionClasses.Puma" name="launchOne8" time="66.572"/>
  <system-out>
    <![CDATA[Puma is launched]]>
  </system-out>
</testsuite> <!-- orgbatchExceutionClasses.Puma -->
